# JRE version: OpenJDK Runtime Environment (8.0_131-b11) (build 1.8.0_131-8u131-b11-0ubuntu1.16.04.2-b11)
# Java VM: OpenJDK 64-Bit Server VM (25.131-b11 mixed mode linux-amd64 compressed oops)
Heap:
 PSYoungGen      total 114688K, used 47189K [0x00000000d7000000, 0x00000000def00000, 0x0000000100000000)
  eden space 103424K, 44% used [0x00000000d7000000,0x00000000d9d71410,0x00000000dd500000)
  from space 11264K, 5% used [0x00000000de100000,0x00000000de1a4010,0x00000000dec00000)
  to   space 12288K, 0% used [0x00000000dd500000,0x00000000dd500000,0x00000000de100000)
 ParOldGen       total 69120K, used 17888K [0x0000000085000000, 0x0000000089380000, 0x00000000d7000000)
  object space 69120K, 25% used [0x0000000085000000,0x0000000086178140,0x0000000089380000)
 Metaspace       used 24939K, capacity 25978K, committed 26240K, reserved 1073152K
  class space    used 3160K, capacity 3418K, committed 3456K, reserved 1048576K
GC Heap History (10 events):
Event: 6,843 GC heap before
{Heap before GC invocations=5 (full 1):
 PSYoungGen      total 36864K, used 36848K [0x00000000d7000000, 0x00000000da180000, 0x0000000100000000)
  eden space 31744K, 100% used [0x00000000d7000000,0x00000000d8f00000,0x00000000d8f00000)
  from space 5120K, 99% used [0x00000000d8f00000,0x00000000d93fc038,0x00000000d9400000)
  to   space 5120K, 0% used [0x00000000d9c80000,0x00000000d9c80000,0x00000000da180000)
 ParOldGen       total 69120K, used 12354K [0x0000000085000000, 0x0000000089380000, 0x00000000d7000000)
  object space 69120K, 17% used [0x0000000085000000,0x0000000085c10810,0x0000000089380000)
 Metaspace       used 24825K, capacity 25912K, committed 25984K, reserved 1071104K
  class space    used 3151K, capacity 3417K, committed 3456K, reserved 1048576K
Event: 6,847 GC heap after
Heap after GC invocations=5 (full 1):
 PSYoungGen      total 44032K, used 5088K [0x00000000d7000000, 0x00000000da180000, 0x0000000100000000)
  eden space 38912K, 0% used [0x00000000d7000000,0x00000000d7000000,0x00000000d9600000)
  from space 5120K, 99% used [0x00000000d9c80000,0x00000000da178088,0x00000000da180000)
  to   space 5120K, 0% used [0x00000000d9780000,0x00000000d9780000,0x00000000d9c80000)
 ParOldGen       total 69120K, used 12732K [0x0000000085000000, 0x0000000089380000, 0x00000000d7000000)
  object space 69120K, 18% used [0x0000000085000000,0x0000000085c6f240,0x0000000089380000)
 Metaspace       used 24825K, capacity 25912K, committed 25984K, reserved 1071104K
  class space    used 3151K, capacity 3417K, committed 3456K, reserved 1048576K
}
Event: 6,884 GC heap before
{Heap before GC invocations=6 (full 1):
 PSYoungGen      total 44032K, used 44000K [0x00000000d7000000, 0x00000000da180000, 0x0000000100000000)
  eden space 38912K, 100% used [0x00000000d7000000,0x00000000d9600000,0x00000000d9600000)
  from space 5120K, 99% used [0x00000000d9c80000,0x00000000da178088,0x00000000da180000)
  to   space 5120K, 0% used [0x00000000d9780000,0x00000000d9780000,0x00000000d9c80000)
 ParOldGen       total 69120K, used 12732K [0x0000000085000000, 0x0000000089380000, 0x00000000d7000000)
  object space 69120K, 18% used [0x0000000085000000,0x0000000085c6f240,0x0000000089380000)
 Metaspace       used 24827K, capacity 25912K, committed 25984K, reserved 1071104K
  class space    used 3151K, capacity 3417K, committed 3456K, reserved 1048576K
Event: 6,888 GC heap after
Heap after GC invocations=6 (full 1):
 PSYoungGen      total 45568K, used 5088K [0x00000000d7000000, 0x00000000dc200000, 0x0000000100000000)
  eden space 40448K, 0% used [0x00000000d7000000,0x00000000d7000000,0x00000000d9780000)
  from space 5120K, 99% used [0x00000000d9780000,0x00000000d9c78068,0x00000000d9c80000)
  to   space 11776K, 0% used [0x00000000db680000,0x00000000db680000,0x00000000dc200000)
 ParOldGen       total 69120K, used 12980K [0x0000000085000000, 0x0000000089380000, 0x00000000d7000000)
  object space 69120K, 18% used [0x0000000085000000,0x0000000085cad240,0x0000000089380000)
 Metaspace       used 24827K, capacity 25912K, committed 25984K, reserved 1071104K
  class space    used 3151K, capacity 3417K, committed 3456K, reserved 1048576K
}
Event: 6,924 GC heap before
{Heap before GC invocations=7 (full 1):
 PSYoungGen      total 45568K, used 45536K [0x00000000d7000000, 0x00000000dc200000, 0x0000000100000000)
  eden space 40448K, 100% used [0x00000000d7000000,0x00000000d9780000,0x00000000d9780000)
  from space 5120K, 99% used [0x00000000d9780000,0x00000000d9c78068,0x00000000d9c80000)
  to   space 11776K, 0% used [0x00000000db680000,0x00000000db680000,0x00000000dc200000)
 ParOldGen       total 69120K, used 12980K [0x0000000085000000, 0x0000000089380000, 0x00000000d7000000)
  object space 69120K, 18% used [0x0000000085000000,0x0000000085cad240,0x0000000089380000)
 Metaspace       used 24829K, capacity 25912K, committed 25984K, reserved 1071104K
  class space    used 3151K, capacity 3417K, committed 3456K, reserved 1048576K
Event: 6,929 GC heap after
Heap after GC invocations=7 (full 1):
 PSYoungGen      total 72192K, used 5346K [0x00000000d7000000, 0x00000000dc980000, 0x0000000100000000)
  eden space 60416K, 0% used [0x00000000d7000000,0x00000000d7000000,0x00000000dab00000)
  from space 11776K, 45% used [0x00000000db680000,0x00000000dbbb8b18,0x00000000dc200000)
  to   space 11776K, 0% used [0x00000000dab00000,0x00000000dab00000,0x00000000db680000)
 ParOldGen       total 69120K, used 12988K [0x0000000085000000, 0x0000000089380000, 0x00000000d7000000)
  object space 69120K, 18% used [0x0000000085000000,0x0000000085caf240,0x0000000089380000)
 Metaspace       used 24829K, capacity 25912K, committed 25984K, reserved 1071104K
  class space    used 3151K, capacity 3417K, committed 3456K, reserved 1048576K
}
Event: 6,980 GC heap before
{Heap before GC invocations=8 (full 1):
 PSYoungGen      total 72192K, used 65762K [0x00000000d7000000, 0x00000000dc980000, 0x0000000100000000)
  eden space 60416K, 100% used [0x00000000d7000000,0x00000000dab00000,0x00000000dab00000)
  from space 11776K, 45% used [0x00000000db680000,0x00000000dbbb8b18,0x00000000dc200000)
  to   space 11776K, 0% used [0x00000000dab00000,0x00000000dab00000,0x00000000db680000)
 ParOldGen       total 69120K, used 12988K [0x0000000085000000, 0x0000000089380000, 0x00000000d7000000)
  object space 69120K, 18% used [0x0000000085000000,0x0000000085caf240,0x0000000089380000)
 Metaspace       used 24829K, capacity 25912K, committed 25984K, reserved 1071104K
  class space    used 3151K, capacity 3417K, committed 3456K, reserved 1048576K
Event: 6,986 GC heap after
Heap after GC invocations=8 (full 1):
 PSYoungGen      total 72192K, used 5554K [0x00000000d7000000, 0x00000000dec00000, 0x0000000100000000)
  eden space 60416K, 0% used [0x00000000d7000000,0x00000000d7000000,0x00000000dab00000)
  from space 11776K, 47% used [0x00000000dab00000,0x00000000db06cb28,0x00000000db680000)
  to   space 11264K, 0% used [0x00000000de100000,0x00000000de100000,0x00000000dec00000)
 ParOldGen       total 69120K, used 12988K [0x0000000085000000, 0x0000000089380000, 0x00000000d7000000)
  object space 69120K, 18% used [0x0000000085000000,0x0000000085caf240,0x0000000089380000)
 Metaspace       used 24829K, capacity 25912K, committed 25984K, reserved 1071104K
  class space    used 3151K, capacity 3417K, committed 3456K, reserved 1048576K
}
Event: 7,035 GC heap before
{Heap before GC invocations=9 (full 1):
 PSYoungGen      total 72192K, used 65970K [0x00000000d7000000, 0x00000000dec00000, 0x0000000100000000)
  eden space 60416K, 100% used [0x00000000d7000000,0x00000000dab00000,0x00000000dab00000)
  from space 11776K, 47% used [0x00000000dab00000,0x00000000db06cb28,0x00000000db680000)
  to   space 11264K, 0% used [0x00000000de100000,0x00000000de100000,0x00000000dec00000)
 ParOldGen       total 69120K, used 12988K [0x0000000085000000, 0x0000000089380000, 0x00000000d7000000)
  object space 69120K, 18% used [0x0000000085000000,0x0000000085caf240,0x0000000089380000)
 Metaspace       used 24829K, capacity 25912K, committed 25984K, reserved 1071104K
  class space    used 3151K, capacity 3417K, committed 3456K, reserved 1048576K
Event: 7,040 GC heap after
Heap after GC invocations=9 (full 1):
 PSYoungGen      total 114688K, used 656K [0x00000000d7000000, 0x00000000def00000, 0x0000000100000000)
  eden space 103424K, 0% used [0x00000000d7000000,0x00000000d7000000,0x00000000dd500000)
  from space 11264K, 5% used [0x00000000de100000,0x00000000de1a4010,0x00000000dec00000)
  to   space 12288K, 0% used [0x00000000dd500000,0x00000000dd500000,0x00000000de100000)
 ParOldGen       total 69120K, used 17888K [0x0000000085000000, 0x0000000089380000, 0x00000000d7000000)
  object space 69120K, 25% used [0x0000000085000000,0x0000000086178140,0x0000000089380000)
 Metaspace       used 24829K, capacity 25912K, committed 25984K, reserved 1071104K
  class space    used 3151K, capacity 3417K, committed 3456K, reserved 1048576K
}

